# JRE version: Java(TM) SE Runtime Environment (8.0_291-b10) (build 1.8.0_291-b10)
# Java VM: Java HotSpot(TM) 64-Bit Server VM (25.291-b10 mixed mode windows-amd64 compressed oops)
Heap:
 PSYoungGen      total 3584K, used 1670K [0x00000000d8700000, 0x00000000d8b00000, 0x0000000100000000)
  eden space 3072K, 37% used [0x00000000d8700000,0x00000000d8821c98,0x00000000d8a00000)
  from space 512K, 99% used [0x00000000d8a00000,0x00000000d8a7fc30,0x00000000d8a80000)
  to   space 512K, 0% used [0x00000000d8a80000,0x00000000d8a80000,0x00000000d8b00000)
 ParOldGen       total 5632K, used 592K [0x0000000089400000, 0x0000000089980000, 0x00000000d8700000)
  object space 5632K, 10% used [0x0000000089400000,0x0000000089494348,0x0000000089980000)
 Metaspace       used 5339K, capacity 6604K, committed 6912K, reserved 1056768K
  class space    used 679K, capacity 712K, committed 768K, reserved 1048576K
GC Heap History (6 events):
Event: 0.087 GC heap before
{Heap before GC invocations=1 (full 0):
 PSYoungGen      total 2048K, used 1530K [0x00000000d8700000, 0x00000000d8980000, 0x0000000100000000)
  eden space 1536K, 99% used [0x00000000d8700000,0x00000000d887e888,0x00000000d8880000)
  from space 512K, 0% used [0x00000000d8900000,0x00000000d8900000,0x00000000d8980000)
  to   space 512K, 0% used [0x00000000d8880000,0x00000000d8880000,0x00000000d8900000)
 ParOldGen       total 5632K, used 0K [0x0000000089400000, 0x0000000089980000, 0x00000000d8700000)
  object space 5632K, 0% used [0x0000000089400000,0x0000000089400000,0x0000000089980000)
 Metaspace       used 3255K, capacity 4812K, committed 5120K, reserved 1056768K
  class space    used 376K, capacity 456K, committed 512K, reserved 1048576K
Event: 0.088 GC heap after
Heap after GC invocations=1 (full 0):
 PSYoungGen      total 2048K, used 512K [0x00000000d8700000, 0x00000000d8b00000, 0x0000000100000000)
  eden space 1536K, 0% used [0x00000000d8700000,0x00000000d8700000,0x00000000d8880000)
  from space 512K, 100% used [0x00000000d8880000,0x00000000d8900000,0x00000000d8900000)
  to   space 512K, 0% used [0x00000000d8a80000,0x00000000d8a80000,0x00000000d8b00000)
 ParOldGen       total 5632K, used 64K [0x0000000089400000, 0x0000000089980000, 0x00000000d8700000)
  object space 5632K, 1% used [0x0000000089400000,0x0000000089410000,0x0000000089980000)
 Metaspace       used 3255K, capacity 4812K, committed 5120K, reserved 1056768K
  class space    used 376K, capacity 456K, committed 512K, reserved 1048576K
}
Event: 0.120 GC heap before
{Heap before GC invocations=2 (full 0):
 PSYoungGen      total 2048K, used 2012K [0x00000000d8700000, 0x00000000d8b00000, 0x0000000100000000)
  eden space 1536K, 97% used [0x00000000d8700000,0x00000000d88771a0,0x00000000d8880000)
  from space 512K, 100% used [0x00000000d8880000,0x00000000d8900000,0x00000000d8900000)
  to   space 512K, 0% used [0x00000000d8a80000,0x00000000d8a80000,0x00000000d8b00000)
 ParOldGen       total 5632K, used 64K [0x0000000089400000, 0x0000000089980000, 0x00000000d8700000)
  object space 5632K, 1% used [0x0000000089400000,0x0000000089410000,0x0000000089980000)
 Metaspace       used 4015K, capacity 5388K, committed 5760K, reserved 1056768K
  class space    used 475K, capacity 520K, committed 640K, reserved 1048576K
Event: 0.122 GC heap after
Heap after GC invocations=2 (full 0):
 PSYoungGen      total 3584K, used 480K [0x00000000d8700000, 0x00000000d8b00000, 0x0000000100000000)
  eden space 3072K, 0% used [0x00000000d8700000,0x00000000d8700000,0x00000000d8a00000)
  from space 512K, 93% used [0x00000000d8a80000,0x00000000d8af8020,0x00000000d8b00000)
  to   space 512K, 0% used [0x00000000d8a00000,0x00000000d8a00000,0x00000000d8a80000)
 ParOldGen       total 5632K, used 112K [0x0000000089400000, 0x0000000089980000, 0x00000000d8700000)
  object space 5632K, 1% used [0x0000000089400000,0x000000008941c000,0x0000000089980000)
 Metaspace       used 4015K, capacity 5388K, committed 5760K, reserved 1056768K
  class space    used 475K, capacity 520K, committed 640K, reserved 1048576K
}
Event: 0.163 GC heap before
{Heap before GC invocations=3 (full 0):
 PSYoungGen      total 3584K, used 3484K [0x00000000d8700000, 0x00000000d8b00000, 0x0000000100000000)
  eden space 3072K, 97% used [0x00000000d8700000,0x00000000d89ef090,0x00000000d8a00000)
  from space 512K, 93% used [0x00000000d8a80000,0x00000000d8af8020,0x00000000d8b00000)
  to   space 512K, 0% used [0x00000000d8a00000,0x00000000d8a00000,0x00000000d8a80000)
 ParOldGen       total 5632K, used 112K [0x0000000089400000, 0x0000000089980000, 0x00000000d8700000)
  object space 5632K, 1% used [0x0000000089400000,0x000000008941c000,0x0000000089980000)
 Metaspace       used 4958K, capacity 6284K, committed 6656K, reserved 1056768K
  class space    used 606K, capacity 648K, committed 768K, reserved 1048576K
Event: 0.164 GC heap after
Heap after GC invocations=3 (full 0):
 PSYoungGen      total 3584K, used 511K [0x00000000d8700000, 0x00000000d8b00000, 0x0000000100000000)
  eden space 3072K, 0% used [0x00000000d8700000,0x00000000d8700000,0x00000000d8a00000)
  from space 512K, 99% used [0x00000000d8a00000,0x00000000d8a7fc30,0x00000000d8a80000)
  to   space 512K, 0% used [0x00000000d8a80000,0x00000000d8a80000,0x00000000d8b00000)
 ParOldGen       total 5632K, used 592K [0x0000000089400000, 0x0000000089980000, 0x00000000d8700000)
  object space 5632K, 10% used [0x0000000089400000,0x0000000089494348,0x0000000089980000)
 Metaspace       used 4958K, capacity 6284K, committed 6656K, reserved 1056768K
  class space    used 606K, capacity 648K, committed 768K, reserved 1048576K
}

